<?xml version="1.0" encoding="UTF-8"?>
<robot generator="Robot 4.1.3 (Python 3.9.10 on darwin)" generated="20220713 21:25:11.065" rpa="false" schemaversion="2">
<suite id="s1" name="Facebook Login" source="/Users/joshuaadeegbe/Documents/MYTechBase/project/mytechbase/automation_robot/Tests/facebook_login.robot">
<test id="s1-t1" name="Login Using An Invalid Email Addresss">
<kw name="Open Browser and Navigate To Facebook" library="facebook_login">
<doc>opens browser and navigates to facebook URL</doc>
<kw name="Open Browser" library="SeleniumLibrary">
<arg>${FACEBOOK_URL}</arg>
<arg>${BROWSER}</arg>
<doc>Opens a new browser instance to the optional ``url``.</doc>
<msg timestamp="20220713 21:25:11.450" level="INFO">Opening browser 'ff' to base url 'https://www.facebook.com'.</msg>
<msg timestamp="20220713 21:25:11.452" level="INFO">Firefox driver log is always forced to to: /Users/joshuaadeegbe/Documents/MYTechBase/project/mytechbase/automation_robot/Tests/geckodriver-1.log</msg>
<status status="PASS" starttime="20220713 21:25:11.450" endtime="20220713 21:25:18.136"/>
</kw>
<status status="PASS" starttime="20220713 21:25:11.449" endtime="20220713 21:25:18.137"/>
</kw>
<kw name="Login to Facebook" library="facebook_login">
<arg>${invalid_email_address}</arg>
<arg>${valid_password}</arg>
<doc>logs user into facebook browser and navigates to facebook URL</doc>
<kw name="Input Text" library="SeleniumLibrary">
<arg>${email_or_phone_address_field}</arg>
<arg>${valid_email_address_or_phone}</arg>
<doc>Types the given ``text`` into the text field identified by ``locator``.</doc>
<msg timestamp="20220713 21:25:18.140" level="INFO">Typing text 'femdav2003@yahoo.ca' into text field '//input[@name='email' and @data-testid='royal_email']'.</msg>
<status status="PASS" starttime="20220713 21:25:18.139" endtime="20220713 21:25:18.239"/>
</kw>
<kw name="Input Text" library="SeleniumLibrary">
<arg>${password_field}</arg>
<arg>${valid_password}</arg>
<doc>Types the given ``text`` into the text field identified by ``locator``.</doc>
<msg timestamp="20220713 21:25:18.240" level="INFO">Typing text 'mytechbase' into text field '//input[@id='pass' and @placeholder='Password']'.</msg>
<status status="PASS" starttime="20220713 21:25:18.239" endtime="20220713 21:25:18.281"/>
</kw>
<kw name="Click Button" library="SeleniumLibrary">
<arg>${login_button}</arg>
<doc>Clicks the button identified by ``locator``.</doc>
<msg timestamp="20220713 21:25:18.282" level="INFO">Clicking button '//button[@type="submit"]'.</msg>
<status status="PASS" starttime="20220713 21:25:18.281" endtime="20220713 21:25:21.252"/>
</kw>
<status status="PASS" starttime="20220713 21:25:18.138" endtime="20220713 21:25:21.252"/>
</kw>
<kw name="Wait Until Page Contains" library="SeleniumLibrary">
<arg>${login_unsuuccesful_message}</arg>
<doc>Waits until ``text`` appears on the current page.</doc>
<status status="PASS" starttime="20220713 21:25:21.253" endtime="20220713 21:25:21.262"/>
</kw>
<kw name="Wait Until Element Is Visible" library="SeleniumLibrary">
<arg>${login_unsuuccesful}</arg>
<doc>Waits until the element ``locator`` is visible.</doc>
<status status="PASS" starttime="20220713 21:25:21.262" endtime="20220713 21:25:21.290"/>
</kw>
<doc>Verifies that user cannot login using an invalid email address</doc>
<status status="PASS" starttime="20220713 21:25:11.448" endtime="20220713 21:25:21.291"/>
</test>
<test id="s1-t2" name="Login using an invalid phone number">
<kw name="Open Browser and Navigate To Facebook" library="facebook_login">
<doc>opens browser and navigates to facebook URL</doc>
<kw name="Open Browser" library="SeleniumLibrary">
<arg>${FACEBOOK_URL}</arg>
<arg>${BROWSER}</arg>
<doc>Opens a new browser instance to the optional ``url``.</doc>
<msg timestamp="20220713 21:25:21.296" level="INFO">Opening browser 'ff' to base url 'https://www.facebook.com'.</msg>
<msg timestamp="20220713 21:25:21.296" level="INFO">Firefox driver log is always forced to to: /Users/joshuaadeegbe/Documents/MYTechBase/project/mytechbase/automation_robot/Tests/geckodriver-2.log</msg>
<status status="PASS" starttime="20220713 21:25:21.295" endtime="20220713 21:25:25.307"/>
</kw>
<status status="PASS" starttime="20220713 21:25:21.295" endtime="20220713 21:25:25.307"/>
</kw>
<kw name="Login to Facebook" library="facebook_login">
<arg>${invalid_phone_number}</arg>
<arg>${invalid_password}</arg>
<doc>logs user into facebook browser and navigates to facebook URL</doc>
<kw name="Input Text" library="SeleniumLibrary">
<arg>${email_or_phone_address_field}</arg>
<arg>${valid_email_address_or_phone}</arg>
<doc>Types the given ``text`` into the text field identified by ``locator``.</doc>
<msg timestamp="20220713 21:25:25.310" level="INFO">Typing text '4795' into text field '//input[@name='email' and @data-testid='royal_email']'.</msg>
<status status="PASS" starttime="20220713 21:25:25.309" endtime="20220713 21:25:25.373"/>
</kw>
<kw name="Input Text" library="SeleniumLibrary">
<arg>${password_field}</arg>
<arg>${valid_password}</arg>
<doc>Types the given ``text`` into the text field identified by ``locator``.</doc>
<msg timestamp="20220713 21:25:25.374" level="INFO">Typing text 'my' into text field '//input[@id='pass' and @placeholder='Password']'.</msg>
<status status="PASS" starttime="20220713 21:25:25.373" endtime="20220713 21:25:25.399"/>
</kw>
<kw name="Click Button" library="SeleniumLibrary">
<arg>${login_button}</arg>
<doc>Clicks the button identified by ``locator``.</doc>
<msg timestamp="20220713 21:25:25.400" level="INFO">Clicking button '//button[@type="submit"]'.</msg>
<status status="PASS" starttime="20220713 21:25:25.399" endtime="20220713 21:25:27.879"/>
</kw>
<status status="PASS" starttime="20220713 21:25:25.308" endtime="20220713 21:25:27.879"/>
</kw>
<kw name="Wait Until Page Contains" library="SeleniumLibrary">
<arg>${login_unsuuccesful_message}</arg>
<doc>Waits until ``text`` appears on the current page.</doc>
<msg timestamp="20220713 21:25:33.112" level="INFO" html="true">&lt;/td&gt;&lt;/tr&gt;&lt;tr&gt;&lt;td colspan="3"&gt;&lt;a href="selenium-screenshot-1.png"&gt;&lt;img src="selenium-screenshot-1.png" width="800px"&gt;&lt;/a&gt;</msg>
<msg timestamp="20220713 21:25:33.120" level="FAIL">Text 'The password that you've entered is incorrect.' did not appear in 5 seconds.</msg>
<status status="FAIL" starttime="20220713 21:25:27.879" endtime="20220713 21:25:33.120"/>
</kw>
<doc>Verifies that user cannot login using an invalid phone number</doc>
<status status="FAIL" starttime="20220713 21:25:21.292" endtime="20220713 21:25:33.120">Text 'The password that you've entered is incorrect.' did not appear in 5 seconds.</status>
</test>
<doc>Test Suite to verify facbook login</doc>
<status status="FAIL" starttime="20220713 21:25:11.067" endtime="20220713 21:25:33.122"/>
</suite>
<statistics>
<total>
<stat pass="1" fail="1" skip="0">All Tests</stat>
</total>
<tag>
</tag>
<suite>
<stat pass="1" fail="1" skip="0" id="s1" name="Facebook Login">Facebook Login</stat>
</suite>
</statistics>
<errors>
</errors>
</robot>
