<?xml version="1.0" encoding="UTF-8"?>
<robot generator="Robot 4.1.3 (Python 3.9.10 on darwin)" generated="20220713 20:35:40.430" rpa="false" schemaversion="2">
<suite id="s1" name="Facebook Login" source="/Users/joshuaadeegbe/Documents/MYTechBase/project/mytechbase/automation_robot/Tests/facebook_login.robot">
<test id="s1-t1" name="Login Using An Invalid Email Addresss">
<kw name="Open Browser and Navigate To Facebook" library="facebook_login">
<doc>opens browser and navigates to facebook URL</doc>
<kw name="Open Browser" library="SeleniumLibrary">
<arg>${FACEBOOK_URL}</arg>
<arg>${BROWSER}</arg>
<doc>Opens a new browser instance to the optional ``url``.</doc>
<msg timestamp="20220713 20:35:40.769" level="INFO">Opening browser 'ff' to base url 'https://www.facebook.com'.</msg>
<msg timestamp="20220713 20:35:40.773" level="INFO">Firefox driver log is always forced to to: /Users/joshuaadeegbe/Documents/MYTechBase/project/mytechbase/automation_robot/Tests/geckodriver-9.log</msg>
<status status="PASS" starttime="20220713 20:35:40.769" endtime="20220713 20:35:46.250"/>
</kw>
<status status="PASS" starttime="20220713 20:35:40.769" endtime="20220713 20:35:46.251"/>
</kw>
<kw name="Login to Facebook" library="facebook_login">
<arg>${invalid_email_address}</arg>
<arg>${valid_password}</arg>
<doc>logs user into facebook browser and navigates to facebook URL</doc>
<kw name="Input Text" library="SeleniumLibrary">
<arg>${email_or_phone_address_field}</arg>
<arg>${valid_email_address_or_phone}</arg>
<doc>Types the given ``text`` into the text field identified by ``locator``.</doc>
<msg timestamp="20220713 20:35:46.255" level="INFO">Typing text 'femdav2003@yahoo.ca' into text field '//input[@name='email' and @data-testid='royal_email']'.</msg>
<status status="PASS" starttime="20220713 20:35:46.254" endtime="20220713 20:35:46.359"/>
</kw>
<kw name="Input Text" library="SeleniumLibrary">
<arg>${password_field}</arg>
<arg>${valid_password}</arg>
<doc>Types the given ``text`` into the text field identified by ``locator``.</doc>
<msg timestamp="20220713 20:35:46.360" level="INFO">Typing text 'mytechbase' into text field '//input[@id='pass' and @placeholder='Password']'.</msg>
<status status="PASS" starttime="20220713 20:35:46.359" endtime="20220713 20:35:46.414"/>
</kw>
<kw name="Click Button" library="SeleniumLibrary">
<arg>${login_button}</arg>
<doc>Clicks the button identified by ``locator``.</doc>
<msg timestamp="20220713 20:35:46.415" level="INFO">Clicking button '//button[@type="submit"]'.</msg>
<status status="PASS" starttime="20220713 20:35:46.414" endtime="20220713 20:35:49.147"/>
</kw>
<status status="PASS" starttime="20220713 20:35:46.251" endtime="20220713 20:35:49.148"/>
</kw>
<kw name="Wait Until Page Contains" library="SeleniumLibrary">
<arg>${login_unsuuccesful_message}</arg>
<doc>Waits until ``text`` appears on the current page.</doc>
<status status="PASS" starttime="20220713 20:35:49.148" endtime="20220713 20:35:49.160"/>
</kw>
<kw name="Wait Until Element Is Visible" library="SeleniumLibrary">
<arg>${login_unsuuccesful}</arg>
<doc>Waits until the element ``locator`` is visible.</doc>
<status status="PASS" starttime="20220713 20:35:49.160" endtime="20220713 20:35:49.191"/>
</kw>
<doc>Verifies that user cannot login using an invalid email address</doc>
<status status="PASS" starttime="20220713 20:35:40.768" endtime="20220713 20:35:49.192"/>
</test>
<test id="s1-t2" name="Login using an invalid phone number">
<kw name="Open Browser and Navigate To Facebook" library="facebook_login">
<doc>opens browser and navigates to facebook URL</doc>
<kw name="Open Browser" library="SeleniumLibrary">
<arg>${FACEBOOK_URL}</arg>
<arg>${BROWSER}</arg>
<doc>Opens a new browser instance to the optional ``url``.</doc>
<msg timestamp="20220713 20:35:49.196" level="INFO">Opening browser 'ff' to base url 'https://www.facebook.com'.</msg>
<msg timestamp="20220713 20:35:49.198" level="INFO">Firefox driver log is always forced to to: /Users/joshuaadeegbe/Documents/MYTechBase/project/mytechbase/automation_robot/Tests/geckodriver-10.log</msg>
<status status="PASS" starttime="20220713 20:35:49.196" endtime="20220713 20:35:54.291"/>
</kw>
<status status="PASS" starttime="20220713 20:35:49.195" endtime="20220713 20:35:54.291"/>
</kw>
<kw name="Login to Facebook" library="facebook_login">
<arg>${invalid_phone_number}</arg>
<arg>${invalid_password}</arg>
<doc>logs user into facebook browser and navigates to facebook URL</doc>
<kw name="Input Text" library="SeleniumLibrary">
<arg>${email_or_phone_address_field}</arg>
<arg>${valid_email_address_or_phone}</arg>
<doc>Types the given ``text`` into the text field identified by ``locator``.</doc>
<msg timestamp="20220713 20:35:54.295" level="INFO">Typing text '4795' into text field '//input[@name='email' and @data-testid='royal_email']'.</msg>
<status status="PASS" starttime="20220713 20:35:54.294" endtime="20220713 20:35:54.376"/>
</kw>
<kw name="Input Text" library="SeleniumLibrary">
<arg>${password_field}</arg>
<arg>${valid_password}</arg>
<doc>Types the given ``text`` into the text field identified by ``locator``.</doc>
<msg timestamp="20220713 20:35:54.377" level="INFO">Typing text 'my' into text field '//input[@id='pass' and @placeholder='Password']'.</msg>
<status status="PASS" starttime="20220713 20:35:54.376" endtime="20220713 20:35:54.428"/>
</kw>
<kw name="Click Button" library="SeleniumLibrary">
<arg>${login_button}</arg>
<doc>Clicks the button identified by ``locator``.</doc>
<msg timestamp="20220713 20:35:54.429" level="INFO">Clicking button '//button[@type="submit"]'.</msg>
<status status="PASS" starttime="20220713 20:35:54.429" endtime="20220713 20:35:57.072"/>
</kw>
<status status="PASS" starttime="20220713 20:35:54.292" endtime="20220713 20:35:57.072"/>
</kw>
<kw name="Wait Until Page Contains" library="SeleniumLibrary">
<arg>${login_unsuuccesful_message}</arg>
<doc>Waits until ``text`` appears on the current page.</doc>
<status status="PASS" starttime="20220713 20:35:57.073" endtime="20220713 20:35:57.081"/>
</kw>
<doc>Verifies that user cannot login using an invalid phone number</doc>
<status status="PASS" starttime="20220713 20:35:49.193" endtime="20220713 20:35:57.082"/>
</test>
<doc>Verifies user facbook login</doc>
<status status="PASS" starttime="20220713 20:35:40.433" endtime="20220713 20:35:57.085"/>
</suite>
<statistics>
<total>
<stat pass="2" fail="0" skip="0">All Tests</stat>
</total>
<tag>
</tag>
<suite>
<stat pass="2" fail="0" skip="0" id="s1" name="Facebook Login">Facebook Login</stat>
</suite>
</statistics>
<errors>
</errors>
</robot>
