<?xml version="1.0" encoding="UTF-8"?>
<robot generator="Robot 4.1.3 (Python 3.9.10 on darwin)" generated="20220717 20:00:50.671" rpa="false" schemaversion="2">
<suite id="s1" name="Migri Home Test" source="/Users/joshuaadeegbe/Documents/MYTechBase/project/mytechbase/automation_robot/Tests/migri_home_test.robot">
<test id="s1-t1" name="Book Appointment With Available Time Checked as True">
<kw name="Open Browser and Navigate to Booking system" library="migri_home">
<doc>Opens browser and go to migri url</doc>
<kw name="Open Browser" library="SeleniumLibrary">
<arg>${MIGRI_URL}</arg>
<arg>${BROWSER}</arg>
<doc>Opens a new browser instance to the optional ``url``.</doc>
<msg timestamp="20220717 20:00:51.045" level="INFO">Opening browser 'firefox' to base url 'https://migri.vihta.com/public/migri/#/reservation'.</msg>
<msg timestamp="20220717 20:00:51.056" level="INFO">Firefox driver log is always forced to to: /Users/joshuaadeegbe/Documents/MYTechBase/project/mytechbase/automation_robot/geckodriver-9.log</msg>
<status status="PASS" starttime="20220717 20:00:51.045" endtime="20220717 20:01:02.961"/>
</kw>
<status status="PASS" starttime="20220717 20:00:51.044" endtime="20220717 20:01:02.962"/>
</kw>
<kw name="Book for One Person" library="migri_home">
<doc>Books appointment for on persom</doc>
<kw name="Click Button" library="SeleniumLibrary">
<arg>${CHOOSE_CATEGORY_BUTTON}</arg>
<doc>Clicks the button identified by ``locator``.</doc>
<msg timestamp="20220717 20:01:02.964" level="INFO">Clicking button '//button[@id='vihta-selector-button_134'and @class='btn btn-default dropdown-toggle']/span[@class='selected-value pull-left ng-binding']'.</msg>
<msg timestamp="20220717 20:01:03.305" level="INFO" html="true">&lt;/td&gt;&lt;/tr&gt;&lt;tr&gt;&lt;td colspan="3"&gt;&lt;a href="selenium-screenshot-5.png"&gt;&lt;img src="selenium-screenshot-5.png" width="800px"&gt;&lt;/a&gt;</msg>
<msg timestamp="20220717 20:01:03.313" level="FAIL">Button with locator '//button[@id='vihta-selector-button_134'and @class='btn btn-default dropdown-toggle']/span[@class='selected-value pull-left ng-binding']' not found.</msg>
<status status="FAIL" starttime="20220717 20:01:02.963" endtime="20220717 20:01:03.314"/>
</kw>
<status status="FAIL" starttime="20220717 20:01:02.962" endtime="20220717 20:01:03.314"/>
</kw>
<doc>Verifes appointment works</doc>
<status status="FAIL" starttime="20220717 20:00:51.043" endtime="20220717 20:01:03.315">Button with locator '//button[@id='vihta-selector-button_134'and @class='btn btn-default dropdown-toggle']/span[@class='selected-value pull-left ng-binding']' not found.</status>
</test>
<doc>Test Suite for booking appointment in Migri system</doc>
<status status="FAIL" starttime="20220717 20:00:50.675" endtime="20220717 20:01:03.317"/>
</suite>
<statistics>
<total>
<stat pass="0" fail="1" skip="0">All Tests</stat>
</total>
<tag>
</tag>
<suite>
<stat pass="0" fail="1" skip="0" id="s1" name="Migri Home Test">Migri Home Test</stat>
</suite>
</statistics>
<errors>
</errors>
</robot>
